[05/04/23 - 16:16:25] - [50]
[05/04/23 - 16:16:35] - [50]
[05/04/23 - 16:16:36] - [50]
[05/04/23 - 16:16:37] - [50]
[05/04/23 - 16:16:38] - [50]
[05/04/23 - 16:16:39] - [50]
[05/04/23 - 16:16:40] - [50]
[05/04/23 - 16:16:41] - [50]
[05/04/23 - 16:16:42] - [50]
[05/04/23 - 16:16:43] - [50]
[05/04/23 - 16:16:44] - [50]
[05/04/23 - 16:16:45] - [50]
[05/04/23 - 16:16:46] - [50]
[05/04/23 - 16:16:47] - [50]
[05/04/23 - 16:16:48] - [50]
[05/04/23 - 16:16:49] - [50]
[05/04/23 - 16:16:50] - [50]
[05/04/23 - 16:16:51] - [50]
[05/04/23 - 16:16:52] - [50]
[05/04/23 - 16:16:53] - [50]
[05/04/23 - 16:16:54] - [50]
[05/04/23 - 16:16:55] - [50]
[05/04/23 - 16:16:56] - [40]
[05/04/23 - 16:16:58] - [40]
[05/04/23 - 16:16:59] - [40]
[05/04/23 - 16:17:00] - [40]
[05/04/23 - 16:17:01] - [40]
[05/04/23 - 16:17:02] - [40]
[05/04/23 - 16:17:03] - [50]
[05/04/23 - 16:17:05] - [50]
[05/04/23 - 16:17:06] - [50]
[05/04/23 - 16:17:07] - [50]
[05/04/23 - 16:17:08] - [50]
[05/04/23 - 16:17:09] - [50]
[05/04/23 - 16:17:10] - [50]
[05/04/23 - 16:17:11] - [50]
[05/04/23 - 16:17:12] - [50]
[05/04/23 - 16:17:13] - [40]
[05/04/23 - 16:17:15] - [40]
[05/04/23 - 16:17:16] - [40]
[05/04/23 - 16:17:17] - [40]
[05/04/23 - 16:17:18] - [50]
[05/04/23 - 16:17:20] - [50]
[05/04/23 - 16:17:21] - [50]
[05/04/23 - 16:17:22] - [50]
[05/04/23 - 16:17:23] - [50]
[05/04/23 - 16:17:24] - [50]
[05/04/23 - 16:17:25] - [50]
[05/04/23 - 16:17:26] - [50]
[05/04/23 - 16:17:27] - [50]
[05/04/23 - 16:17:28] - [50]
[05/04/23 - 16:17:29] - [60]
[05/04/23 - 16:17:31] - [60]
[05/04/23 - 16:17:32] - [60]
[05/04/23 - 16:17:33] - [60]
[05/04/23 - 16:17:34] - [60]
[05/04/23 - 16:17:35] - [60]
[05/04/23 - 16:17:36] - [60]
[05/04/23 - 16:17:37] - [60]
[05/04/23 - 16:17:38] - [60]
[05/04/23 - 16:17:39] - [60]
[05/04/23 - 16:17:40] - [60]
[05/04/23 - 16:17:41] - [DESTRA]
[05/04/23 - 16:17:42] - [60]
[05/04/23 - 16:17:43] - [60]
[05/04/23 - 16:17:44] - [60]
[05/04/23 - 16:17:45] - [60]
[05/04/23 - 16:17:46] - [60]
[05/04/23 - 16:17:47] - [50]
[05/04/23 - 16:17:49] - [50]
[05/04/23 - 16:17:50] - [50]
[05/04/23 - 16:17:51] - [50]
[05/04/23 - 16:17:52] - [50]
[05/04/23 - 16:17:53] - [50]
[05/04/23 - 16:17:54] - [50]
[05/04/23 - 16:17:55] - [50]
[05/04/23 - 16:17:56] - [50]
[05/04/23 - 16:17:57] - [50]
[05/04/23 - 16:17:58] - [DESTRA]
[05/04/23 - 16:17:59] - [50]
[05/04/23 - 16:18:00] - [50]
[05/04/23 - 16:18:01] - [50]
[05/04/23 - 16:18:02] - [50]
[05/04/23 - 16:18:03] - [50]
[05/04/23 - 16:18:04] - [50]
[05/04/23 - 16:18:05] - [50]
[05/04/23 - 16:18:06] - [55]
[05/04/23 - 16:18:07] - [55]
[05/04/23 - 16:18:08] - [55]
[05/04/23 - 16:18:09] - [55]
[05/04/23 - 16:18:10] - [55]
[05/04/23 - 16:18:11] - [50]
[05/04/23 - 16:18:12] - [50]
[05/04/23 - 16:18:13] - [50]
[05/04/23 - 16:18:14] - [50]
[05/04/23 - 16:18:15] - [50]
[05/04/23 - 16:18:16] - [50]
[05/04/23 - 16:18:17] - [SINISTRA]
[05/04/23 - 16:18:18] - [50]
[05/04/23 - 16:18:19] - [50]
[05/04/23 - 16:18:20] - [50]
[05/04/23 - 16:18:21] - [50]
[05/04/23 - 16:18:22] - [70]
[05/04/23 - 16:18:26] - [70]
[05/04/23 - 16:18:27] - [70]
[05/04/23 - 16:18:28] - [70]
[05/04/23 - 16:18:29] - [70]
[05/04/23 - 16:18:30] - [70]
[05/04/23 - 16:18:31] - [70]
[05/04/23 - 16:18:32] - [70]
[05/04/23 - 16:18:33] - [70]
[05/04/23 - 16:18:34] - [70]
[05/04/23 - 16:18:35] - [70]
[05/04/23 - 16:18:36] - [70]
[05/04/23 - 16:18:37] - [70]
[05/04/23 - 16:18:38] - [70]
[05/04/23 - 16:18:39] - [70]
[05/04/23 - 16:18:40] - [SINISTRA]
[05/04/23 - 16:18:41] - [70]
[05/04/23 - 16:18:42] - [70]
[05/04/23 - 16:18:43] - [70]
[05/04/23 - 16:18:44] - [70]
[05/04/23 - 16:18:45] - [70]
[05/04/23 - 16:18:46] - [70]
[05/04/23 - 16:18:47] - [70]
[05/04/23 - 16:18:48] - [70]
[05/04/23 - 16:18:49] - [70]
[05/04/23 - 16:18:50] - [70]
[05/04/23 - 16:18:51] - [70]
[05/04/23 - 16:18:52] - [70]
[05/04/23 - 16:18:53] - [70]
[05/04/23 - 16:18:54] - [70]
[05/04/23 - 16:18:55] - [70]
[05/04/23 - 16:18:56] - [70]
[05/04/23 - 16:18:57] - [70]
[05/04/23 - 16:18:58] - [70]
[05/04/23 - 16:18:59] - [70]
[05/04/23 - 16:19:00] - [70]
[05/04/23 - 16:19:01] - [PERICOLO]
[05/04/23 - 16:19:03] - [70]
[05/04/23 - 16:19:17] - [70]
[05/04/23 - 16:19:18] - [70]
[05/04/23 - 16:19:19] - [70]
[05/04/23 - 16:19:20] - [70]
[05/04/23 - 16:19:21] - [70]
[05/04/23 - 16:19:22] - [70]
[05/04/23 - 16:19:23] - [70]
[05/04/23 - 16:19:24] - [70]
[05/04/23 - 16:19:25] - [50]
[05/04/23 - 16:19:29] - [50]
[05/04/23 - 16:19:30] - [50]
[05/04/23 - 16:19:31] - [50]
[05/04/23 - 16:19:32] - [SINISTRA]
[05/04/23 - 16:19:33] - [50]
[05/04/23 - 16:19:34] - [50]
[05/04/23 - 16:19:35] - [50]
[05/04/23 - 16:19:36] - [50]
[05/04/23 - 16:19:37] - [50]
[05/04/23 - 16:19:38] - [50]
[05/04/23 - 16:19:39] - [90]
[05/04/23 - 16:19:47] - [90]
[05/04/23 - 16:19:48] - [90]
[05/04/23 - 16:19:49] - [90]
[05/04/23 - 16:19:50] - [90]
[05/04/23 - 16:19:51] - [90]
[05/04/23 - 16:19:52] - [90]
[05/04/23 - 16:19:53] - [90]
[05/04/23 - 16:19:54] - [90]
[05/04/23 - 16:19:55] - [90]
[05/04/23 - 16:19:56] - [DESTRA]
[05/04/23 - 16:19:57] - [90]
[05/04/23 - 16:19:58] - [90]
[05/04/23 - 16:19:59] - [90]
[05/04/23 - 16:20:00] - [90]
[05/04/23 - 16:20:01] - [90]
[05/04/23 - 16:20:02] - [90]
[05/04/23 - 16:20:03] - [90]
[05/04/23 - 16:20:04] - [90]
[05/04/23 - 16:20:05] - [90]
[05/04/23 - 16:20:06] - [90]
[05/04/23 - 16:20:07] - [90]
[05/04/23 - 16:20:08] - [90]
[05/04/23 - 16:20:09] - [90]
[05/04/23 - 16:20:10] - [90]
[05/04/23 - 16:20:11] - [90]
[05/04/23 - 16:20:12] - [90]
[05/04/23 - 16:20:13] - [90]
[05/04/23 - 16:20:14] - [90]
[05/04/23 - 16:20:15] - [90]
[05/04/23 - 16:20:16] - [90]
[05/04/23 - 16:20:17] - [90]
[05/04/23 - 16:20:18] - [90]
[05/04/23 - 16:20:19] - [90]
[05/04/23 - 16:20:20] - [90]
[05/04/23 - 16:20:21] - [SINISTRA]
[05/04/23 - 16:20:22] - [90]
[05/04/23 - 16:20:23] - [90]
[05/04/23 - 16:20:24] - [90]
[05/04/23 - 16:20:25] - [90]
[05/04/23 - 16:20:26] - [90]
[05/04/23 - 16:20:27] - [90]
[05/04/23 - 16:20:28] - [90]
[05/04/23 - 16:20:29] - [90]
[05/04/23 - 16:20:30] - [90]
[05/04/23 - 16:20:31] - [90]
[05/04/23 - 16:20:32] - [90]
[05/04/23 - 16:20:33] - [90]
[05/04/23 - 16:20:34] - [90]
[05/04/23 - 16:20:35] - [90]
[05/04/23 - 16:20:36] - [90]
[05/04/23 - 16:20:37] - [90]
[05/04/23 - 16:20:38] - [50]
[05/04/23 - 16:20:46] - [50]
[05/04/23 - 16:20:47] - [50]
[05/04/23 - 16:20:48] - [50]
[05/04/23 - 16:20:49] - [50]
[05/04/23 - 16:20:50] - [50]
[05/04/23 - 16:20:51] - [SINISTRA]
[05/04/23 - 16:20:52] - [50]
[05/04/23 - 16:20:53] - [50]
[05/04/23 - 16:20:54] - [50]
[05/04/23 - 16:20:55] - [50]
[05/04/23 - 16:20:56] - [50]
[05/04/23 - 16:20:57] - [50]
[05/04/23 - 16:20:58] - [50]
[05/04/23 - 16:20:59] - [50]
[05/04/23 - 16:21:00] - [50]
[05/04/23 - 16:21:01] - [50]
[05/04/23 - 16:21:02] - [50]
[05/04/23 - 16:21:03] - [50]
[05/04/23 - 16:21:04] - [50]
[05/04/23 - 16:21:05] - [50]
[05/04/23 - 16:21:06] - [50]
[05/04/23 - 16:21:07] - [50]
[05/04/23 - 16:21:08] - [50]
[05/04/23 - 16:21:09] - [50]
[05/04/23 - 16:21:10] - [50]
[05/04/23 - 16:21:11] - [50]
[05/04/23 - 16:21:12] - [50]
[05/04/23 - 16:21:13] - [50]
[05/04/23 - 16:21:14] - [SINISTRA]
[05/04/23 - 16:21:15] - [50]
[05/04/23 - 16:21:16] - [50]
[05/04/23 - 16:21:17] - [50]
[05/04/23 - 16:21:18] - [50]
[05/04/23 - 16:21:19] - [50]
[05/04/23 - 16:21:20] - [50]
[05/04/23 - 16:21:21] - [50]
[05/04/23 - 16:21:22] - [50]
[05/04/23 - 16:21:23] - [50]
[05/04/23 - 16:21:24] - [50]
[05/04/23 - 16:21:25] - [50]
[05/04/23 - 16:21:26] - [50]
[05/04/23 - 16:21:27] - [50]
[05/04/23 - 16:21:28] - [50]
[05/04/23 - 16:21:29] - [50]
[05/04/23 - 16:21:30] - [50]
[05/04/23 - 16:21:31] - [50]
[05/04/23 - 16:21:32] - [50]
[05/04/23 - 16:21:33] - [50]
[05/04/23 - 16:21:34] - [50]
[05/04/23 - 16:21:35] - [50]
[05/04/23 - 16:21:36] - [50]
[05/04/23 - 16:21:37] - [50]
[05/04/23 - 16:21:38] - [50]
[05/04/23 - 16:21:39] - [50]
[05/04/23 - 16:21:40] - [50]
[05/04/23 - 16:21:41] - [50]
[05/04/23 - 16:21:42] - [DESTRA]
[05/04/23 - 16:21:43] - [50]
[05/04/23 - 16:21:44] - [50]
[05/04/23 - 16:21:45] - [50]
[05/04/23 - 16:21:46] - [50]
[05/04/23 - 16:21:47] - [50]
[05/04/23 - 16:21:48] - [50]
[05/04/23 - 16:21:49] - [50]
[05/04/23 - 16:21:50] - [50]
[05/04/23 - 16:21:51] - [30]
[05/04/23 - 16:21:55] - [30]
[05/04/23 - 16:21:56] - [30]
[05/04/23 - 16:21:57] - [30]
[05/04/23 - 16:21:58] - [30]
[05/04/23 - 16:21:59] - [30]
[05/04/23 - 16:22:00] - [30]
[05/04/23 - 16:22:01] - [30]
[05/04/23 - 16:22:02] - [30]
[05/04/23 - 16:22:03] - [30]
[05/04/23 - 16:22:04] - [30]
[05/04/23 - 16:22:05] - [30]
[05/04/23 - 16:22:06] - [30]
[05/04/23 - 16:22:07] - [30]
[05/04/23 - 16:22:08] - [PARCHEGGIO]
